app/build/intermediates/manifest_merge_blame_file/debug/processDebugMainManifest/manifest-merger-blame-debug-report.txt
1<?xml version="1.0" encoding="utf-8"?>
2<manifest xmlns:android="http://schemas.android.com/apk/res/android"
3    package="com.localchat.app"
4    android:versionCode="1"
5    android:versionName="1.0" >
6
7    <uses-sdk
8        android:minSdkVersion="26"
9        android:targetSdkVersion="36" />
10
11    <uses-permission android:name="com.google.android.apps.aicore.service.BIND_SERVICE" />
11-->[com.google.mlkit:genai-prompt:1.0.0-beta2] AndroidManifest.xml:9:5-91
11-->[com.google.mlkit:genai-prompt:1.0.0-beta2] AndroidManifest.xml:9:22-88
12
13    <queries>
13-->[com.google.mlkit:genai-prompt:1.0.0-beta2] AndroidManifest.xml:11:5-13:15
14        <package android:name="com.google.android.aicore" />
14-->[com.google.mlkit:genai-prompt:1.0.0-beta2] AndroidManifest.xml:12:9-61
14-->[com.google.mlkit:genai-prompt:1.0.0-beta2] AndroidManifest.xml:12:18-58
15    </queries>
16
17    <permission
17-->[androidx.core:core:1.13.0] AndroidManifest.xml:22:5-24:47
18        android:name="com.localchat.app.DYNAMIC_RECEIVER_NOT_EXPORTED_PERMISSION"
18-->[androidx.core:core:1.13.0] AndroidManifest.xml:23:9-81
19        android:protectionLevel="signature" />
19-->[androidx.core:core:1.13.0] AndroidManifest.xml:24:9-44
20
21    <uses-permission android:name="com.localchat.app.DYNAMIC_RECEIVER_NOT_EXPORTED_PERMISSION" /> <!-- Although the *SdkVersion is captured in gradle build files, this is required for non gradle builds -->
21-->[androidx.core:core:1.13.0] AndroidManifest.xml:26:5-97
21-->[androidx.core:core:1.13.0] AndroidManifest.xml:26:22-94
22    <!-- <uses-sdk android:minSdkVersion="14"/> -->
23    <uses-permission android:name="android.permission.ACCESS_NETWORK_STATE" />
23-->[com.google.android.datatransport:transport-backend-cct:2.3.3] AndroidManifest.xml:25:5-79
23-->[com.google.android.datatransport:transport-backend-cct:2.3.3] AndroidManifest.xml:25:22-76
24    <uses-permission android:name="android.permission.INTERNET" />
24-->[com.google.android.datatransport:transport-backend-cct:2.3.3] AndroidManifest.xml:26:5-67
24-->[com.google.android.datatransport:transport-backend-cct:2.3.3] AndroidManifest.xml:26:22-64
25
26    <application
26-->src/main/AndroidManifest.xml:4:5-22:19
27        android:allowBackup="true"
27-->src/main/AndroidManifest.xml:5:9-35
28        android:appComponentFactory="androidx.core.app.CoreComponentFactory"
28-->[androidx.core:core:1.13.0] AndroidManifest.xml:28:18-86
29        android:debuggable="true"
30        android:extractNativeLibs="false"
31        android:icon="@mipmap/ic_launcher"
31-->src/main/AndroidManifest.xml:6:9-43
32        android:label="@string/app_name"
32-->src/main/AndroidManifest.xml:7:9-41
33        android:supportsRtl="true"
33-->src/main/AndroidManifest.xml:8:9-35
34        android:theme="@style/Theme.LocalChat" >
34-->src/main/AndroidManifest.xml:9:9-47
35        <uses-library
35-->src/main/AndroidManifest.xml:11:9-91
36            android:name="com.google.android.aicore"
36-->src/main/AndroidManifest.xml:11:23-63
37            android:required="false" />
37-->src/main/AndroidManifest.xml:11:64-88
38
39        <activity
39-->src/main/AndroidManifest.xml:13:9-21:20
40            android:name="com.localchat.app.MainActivity"
40-->src/main/AndroidManifest.xml:14:13-41
41            android:exported="true"
41-->src/main/AndroidManifest.xml:15:13-36
42            android:theme="@style/Theme.LocalChat" >
42-->src/main/AndroidManifest.xml:16:13-51
43            <intent-filter>
43-->src/main/AndroidManifest.xml:17:13-20:29
44                <action android:name="android.intent.action.MAIN" />
44-->src/main/AndroidManifest.xml:18:17-69
44-->src/main/AndroidManifest.xml:18:25-66
45
46                <category android:name="android.intent.category.LAUNCHER" />
46-->src/main/AndroidManifest.xml:19:17-77
46-->src/main/AndroidManifest.xml:19:27-74
47            </intent-filter>
48        </activity>
49
50        <provider
50-->[com.google.mlkit:common:18.11.0] AndroidManifest.xml:9:9-13:38
51            android:name="com.google.mlkit.common.internal.MlKitInitProvider"
51-->[com.google.mlkit:common:18.11.0] AndroidManifest.xml:10:13-78
52            android:authorities="com.localchat.app.mlkitinitprovider"
52-->[com.google.mlkit:common:18.11.0] AndroidManifest.xml:11:13-69
53            android:exported="false"
53-->[com.google.mlkit:common:18.11.0] AndroidManifest.xml:12:13-37
54            android:initOrder="99" />
54-->[com.google.mlkit:common:18.11.0] AndroidManifest.xml:13:13-35
55
56        <service
56-->[com.google.mlkit:common:18.11.0] AndroidManifest.xml:15:9-23:19
57            android:name="com.google.mlkit.common.internal.MlKitComponentDiscoveryService"
57-->[com.google.mlkit:common:18.11.0] AndroidManifest.xml:16:13-91
58            android:directBootAware="true"
58-->[com.google.mlkit:common:18.11.0] AndroidManifest.xml:17:13-43
59            android:exported="false" >
59-->[com.google.mlkit:common:18.11.0] AndroidManifest.xml:18:13-37
60            <meta-data
60-->[com.google.mlkit:common:18.11.0] AndroidManifest.xml:20:13-22:85
61                android:name="com.google.firebase.components:com.google.mlkit.common.internal.CommonComponentRegistrar"
61-->[com.google.mlkit:common:18.11.0] AndroidManifest.xml:21:17-120
62                android:value="com.google.firebase.components.ComponentRegistrar" />
62-->[com.google.mlkit:common:18.11.0] AndroidManifest.xml:22:17-82
63        </service>
64
65        <activity
65-->[com.google.android.gms:play-services-base:18.5.0] AndroidManifest.xml:5:9-173
66            android:name="com.google.android.gms.common.api.GoogleApiActivity"
66-->[com.google.android.gms:play-services-base:18.5.0] AndroidManifest.xml:5:19-85
67            android:exported="false"
67-->[com.google.android.gms:play-services-base:18.5.0] AndroidManifest.xml:5:146-170
68            android:theme="@android:style/Theme.Translucent.NoTitleBar" />
68-->[com.google.android.gms:play-services-base:18.5.0] AndroidManifest.xml:5:86-145
69
70        <meta-data
70-->[com.google.android.gms:play-services-basement:18.9.0] AndroidManifest.xml:21:9-23:69
71            android:name="com.google.android.gms.version"
71-->[com.google.android.gms:play-services-basement:18.9.0] AndroidManifest.xml:22:13-58
72            android:value="@integer/google_play_services_version" />
72-->[com.google.android.gms:play-services-basement:18.9.0] AndroidManifest.xml:23:13-66
73
74        <activity
74-->[androidx.compose.ui:ui-tooling-android:1.6.8] AndroidManifest.xml:23:9-25:39
75            android:name="androidx.compose.ui.tooling.PreviewActivity"
75-->[androidx.compose.ui:ui-tooling-android:1.6.8] AndroidManifest.xml:24:13-71
76            android:exported="true" />
76-->[androidx.compose.ui:ui-tooling-android:1.6.8] AndroidManifest.xml:25:13-36
77
78        <provider
78-->[androidx.emoji2:emoji2:1.3.0] AndroidManifest.xml:24:9-32:20
79            android:name="androidx.startup.InitializationProvider"
79-->[androidx.emoji2:emoji2:1.3.0] AndroidManifest.xml:25:13-67
80            android:authorities="com.localchat.app.androidx-startup"
80-->[androidx.emoji2:emoji2:1.3.0] AndroidManifest.xml:26:13-68
81            android:exported="false" >
81-->[androidx.emoji2:emoji2:1.3.0] AndroidManifest.xml:27:13-37
82            <meta-data
82-->[androidx.emoji2:emoji2:1.3.0] AndroidManifest.xml:29:13-31:52
83                android:name="androidx.emoji2.text.EmojiCompatInitializer"
83-->[androidx.emoji2:emoji2:1.3.0] AndroidManifest.xml:30:17-75
84                android:value="androidx.startup" />
84-->[androidx.emoji2:emoji2:1.3.0] AndroidManifest.xml:31:17-49
85            <meta-data
85-->[androidx.lifecycle:lifecycle-process:2.8.2] AndroidManifest.xml:29:13-31:52
86                android:name="androidx.lifecycle.ProcessLifecycleInitializer"
86-->[androidx.lifecycle:lifecycle-process:2.8.2] AndroidManifest.xml:30:17-78
87                android:value="androidx.startup" />
87-->[androidx.lifecycle:lifecycle-process:2.8.2] AndroidManifest.xml:31:17-49
88            <meta-data
88-->[androidx.profileinstaller:profileinstaller:1.3.1] AndroidManifest.xml:29:13-31:52
89                android:name="androidx.profileinstaller.ProfileInstallerInitializer"
89-->[androidx.profileinstaller:profileinstaller:1.3.1] AndroidManifest.xml:30:17-85
90                android:value="androidx.startup" />
90-->[androidx.profileinstaller:profileinstaller:1.3.1] AndroidManifest.xml:31:17-49
91        </provider>
92
93        <service
93-->[com.google.android.datatransport:transport-backend-cct:2.3.3] AndroidManifest.xml:29:9-35:19
94            android:name="com.google.android.datatransport.runtime.backends.TransportBackendDiscovery"
94-->[com.google.android.datatransport:transport-backend-cct:2.3.3] AndroidManifest.xml:30:13-103
95            android:exported="false" >
95-->[com.google.android.datatransport:transport-backend-cct:2.3.3] AndroidManifest.xml:31:13-37
96            <meta-data
96-->[com.google.android.datatransport:transport-backend-cct:2.3.3] AndroidManifest.xml:32:13-34:39
97                android:name="backend:com.google.android.datatransport.cct.CctBackendFactory"
97-->[com.google.android.datatransport:transport-backend-cct:2.3.3] AndroidManifest.xml:33:17-94
98                android:value="cct" />
98-->[com.google.android.datatransport:transport-backend-cct:2.3.3] AndroidManifest.xml:34:17-36
99        </service>
100        <service
100-->[com.google.android.datatransport:transport-runtime:2.2.6] AndroidManifest.xml:26:9-30:19
101            android:name="com.google.android.datatransport.runtime.scheduling.jobscheduling.JobInfoSchedulerService"
101-->[com.google.android.datatransport:transport-runtime:2.2.6] AndroidManifest.xml:27:13-117
102            android:exported="false"
102-->[com.google.android.datatransport:transport-runtime:2.2.6] AndroidManifest.xml:28:13-37
103            android:permission="android.permission.BIND_JOB_SERVICE" >
103-->[com.google.android.datatransport:transport-runtime:2.2.6] AndroidManifest.xml:29:13-69
104        </service>
105
106        <receiver
106-->[com.google.android.datatransport:transport-runtime:2.2.6] AndroidManifest.xml:32:9-34:40
107            android:name="com.google.android.datatransport.runtime.scheduling.jobscheduling.AlarmManagerSchedulerBroadcastReceiver"
107-->[com.google.android.datatransport:transport-runtime:2.2.6] AndroidManifest.xml:33:13-132
108            android:exported="false" />
108-->[com.google.android.datatransport:transport-runtime:2.2.6] AndroidManifest.xml:34:13-37
109        <receiver
109-->[androidx.profileinstaller:profileinstaller:1.3.1] AndroidManifest.xml:34:9-52:20
110            android:name="androidx.profileinstaller.ProfileInstallReceiver"
110-->[androidx.profileinstaller:profileinstaller:1.3.1] AndroidManifest.xml:35:13-76
111            android:directBootAware="false"
111-->[androidx.profileinstaller:profileinstaller:1.3.1] AndroidManifest.xml:36:13-44
112            android:enabled="true"
112-->[androidx.profileinstaller:profileinstaller:1.3.1] AndroidManifest.xml:37:13-35
113            android:exported="true"
113-->[androidx.profileinstaller:profileinstaller:1.3.1] AndroidManifest.xml:38:13-36
114            android:permission="android.permission.DUMP" >
114-->[androidx.profileinstaller:profileinstaller:1.3.1] AndroidManifest.xml:39:13-57
115            <intent-filter>
115-->[androidx.profileinstaller:profileinstaller:1.3.1] AndroidManifest.xml:40:13-42:29
116                <action android:name="androidx.profileinstaller.action.INSTALL_PROFILE" />
116-->[androidx.profileinstaller:profileinstaller:1.3.1] AndroidManifest.xml:41:17-91
116-->[androidx.profileinstaller:profileinstaller:1.3.1] AndroidManifest.xml:41:25-88
117            </intent-filter>
118            <intent-filter>
118-->[androidx.profileinstaller:profileinstaller:1.3.1] AndroidManifest.xml:43:13-45:29
119                <action android:name="androidx.profileinstaller.action.SKIP_FILE" />
119-->[androidx.profileinstaller:profileinstaller:1.3.1] AndroidManifest.xml:44:17-85
119-->[androidx.profileinstaller:profileinstaller:1.3.1] AndroidManifest.xml:44:25-82
120            </intent-filter>
121            <intent-filter>
121-->[androidx.profileinstaller:profileinstaller:1.3.1] AndroidManifest.xml:46:13-48:29
122                <action android:name="androidx.profileinstaller.action.SAVE_PROFILE" />
122-->[androidx.profileinstaller:profileinstaller:1.3.1] AndroidManifest.xml:47:17-88
122-->[androidx.profileinstaller:profileinstaller:1.3.1] AndroidManifest.xml:47:25-85
123            </intent-filter>
124            <intent-filter>
124-->[androidx.profileinstaller:profileinstaller:1.3.1] AndroidManifest.xml:49:13-51:29
125                <action android:name="androidx.profileinstaller.action.BENCHMARK_OPERATION" />
125-->[androidx.profileinstaller:profileinstaller:1.3.1] AndroidManifest.xml:50:17-95
125-->[androidx.profileinstaller:profileinstaller:1.3.1] AndroidManifest.xml:50:25-92
126            </intent-filter>
127        </receiver>
128    </application>
129
130</manifest>